<?xml version="1.0" encoding="UTF-8"?>
<testsuite name="com.example.task04.Tests" tests="2" skipped="0" failures="0" errors="0" timestamp="2022-04-04T08:36:15" hostname="LAPTOP-77QEGEQL" time="0.045">
  <properties/>
  <testcase name="testExample" classname="com.example.task04.Tests" time="0.044"/>
  <testcase name="testEmpty" classname="com.example.task04.Tests" time="0.001"/>
  <system-out><![CDATA[]]></system-out>
  <system-err><![CDATA[]]></system-err>
</testsuite>
